{"/Users/Laura/Documents/Epitech/MERN/Epicture/Pictagram/src/api/Image.js": {"path":"/Users/Laura/Documents/Epitech/MERN/Epicture/Pictagram/src/api/Image.js","statementMap":{"0":{"start":{"line":11,"column":23},"end":{"line":28,"column":1}},"1":{"start":{"line":12,"column":24},"end":{"line":12,"column":65}},"2":{"start":{"line":13,"column":4},"end":{"line":27,"column":6}},"3":{"start":{"line":24,"column":8},"end":{"line":24,"column":26}},"4":{"start":{"line":26,"column":8},"end":{"line":26,"column":25}},"5":{"start":{"line":31,"column":24},"end":{"line":40,"column":1}},"6":{"start":{"line":32,"column":24},"end":{"line":32,"column":65}},"7":{"start":{"line":33,"column":4},"end":{"line":39,"column":6}},"8":{"start":{"line":43,"column":20},"end":{"line":52,"column":1}},"9":{"start":{"line":44,"column":24},"end":{"line":44,"column":65}},"10":{"start":{"line":45,"column":4},"end":{"line":51,"column":6}},"11":{"start":{"line":54,"column":22},"end":{"line":63,"column":1}},"12":{"start":{"line":55,"column":24},"end":{"line":55,"column":65}},"13":{"start":{"line":56,"column":4},"end":{"line":62,"column":6}},"14":{"start":{"line":66,"column":26},"end":{"line":76,"column":1}},"15":{"start":{"line":67,"column":24},"end":{"line":67,"column":65}},"16":{"start":{"line":68,"column":21},"end":{"line":68,"column":59}},"17":{"start":{"line":69,"column":4},"end":{"line":75,"column":6}},"18":{"start":{"line":79,"column":26},"end":{"line":88,"column":1}},"19":{"start":{"line":80,"column":24},"end":{"line":80,"column":65}},"20":{"start":{"line":81,"column":4},"end":{"line":87,"column":6}},"21":{"start":{"line":91,"column":20},"end":{"line":100,"column":1}},"22":{"start":{"line":92,"column":24},"end":{"line":92,"column":65}},"23":{"start":{"line":93,"column":4},"end":{"line":99,"column":6}}},"fnMap":{"0":{"name":"(anonymous_0)","decl":{"start":{"line":11,"column":23},"end":{"line":11,"column":24}},"loc":{"start":{"line":11,"column":45},"end":{"line":28,"column":1}},"line":11},"1":{"name":"(anonymous_1)","decl":{"start":{"line":23,"column":12},"end":{"line":23,"column":13}},"loc":{"start":{"line":23,"column":22},"end":{"line":25,"column":5}},"line":23},"2":{"name":"(anonymous_2)","decl":{"start":{"line":25,"column":13},"end":{"line":25,"column":14}},"loc":{"start":{"line":25,"column":22},"end":{"line":27,"column":5}},"line":25},"3":{"name":"(anonymous_3)","decl":{"start":{"line":31,"column":24},"end":{"line":31,"column":25}},"loc":{"start":{"line":31,"column":41},"end":{"line":40,"column":1}},"line":31},"4":{"name":"(anonymous_4)","decl":{"start":{"line":43,"column":20},"end":{"line":43,"column":21}},"loc":{"start":{"line":43,"column":45},"end":{"line":52,"column":1}},"line":43},"5":{"name":"(anonymous_5)","decl":{"start":{"line":54,"column":22},"end":{"line":54,"column":23}},"loc":{"start":{"line":54,"column":47},"end":{"line":63,"column":1}},"line":54},"6":{"name":"(anonymous_6)","decl":{"start":{"line":66,"column":26},"end":{"line":66,"column":27}},"loc":{"start":{"line":66,"column":43},"end":{"line":76,"column":1}},"line":66},"7":{"name":"(anonymous_7)","decl":{"start":{"line":79,"column":26},"end":{"line":79,"column":27}},"loc":{"start":{"line":79,"column":49},"end":{"line":88,"column":1}},"line":79},"8":{"name":"(anonymous_8)","decl":{"start":{"line":91,"column":20},"end":{"line":91,"column":21}},"loc":{"start":{"line":91,"column":50},"end":{"line":100,"column":1}},"line":91}},"branchMap":{},"s":{"0":1,"1":0,"2":0,"3":0,"4":0,"5":1,"6":0,"7":0,"8":1,"9":0,"10":0,"11":1,"12":0,"13":0,"14":1,"15":0,"16":0,"17":0,"18":1,"19":0,"20":0,"21":1,"22":0,"23":0},"f":{"0":0,"1":0,"2":0,"3":0,"4":0,"5":0,"6":0,"7":0,"8":0},"b":{},"_coverageSchema":"1a1c01bbd47fc00a2c39e90264f33305004495a9","hash":"518cff346b4ce3fd2298a629f7cf0b2cc1868a8f"}
,"/Users/Laura/Documents/Epitech/MERN/Epicture/Pictagram/src/api/Wrapper.js": {"path":"/Users/Laura/Documents/Epitech/MERN/Epicture/Pictagram/src/api/Wrapper.js","statementMap":{"0":{"start":{"line":8,"column":15},"end":{"line":10,"column":2}},"1":{"start":{"line":13,"column":16},"end":{"line":33,"column":1}},"2":{"start":{"line":14,"column":20},"end":{"line":16,"column":3}},"3":{"start":{"line":15,"column":4},"end":{"line":15,"column":25}},"4":{"start":{"line":18,"column":16},"end":{"line":28,"column":1}},"5":{"start":{"line":19,"column":2},"end":{"line":19,"column":49}},"6":{"start":{"line":20,"column":2},"end":{"line":26,"column":3}},"7":{"start":{"line":21,"column":4},"end":{"line":21,"column":52}},"8":{"start":{"line":22,"column":4},"end":{"line":22,"column":48}},"9":{"start":{"line":23,"column":4},"end":{"line":23,"column":54}},"10":{"start":{"line":25,"column":4},"end":{"line":25,"column":51}},"11":{"start":{"line":27,"column":2},"end":{"line":27,"column":57}},"12":{"start":{"line":30,"column":2},"end":{"line":32,"column":20}}},"fnMap":{"0":{"name":"(anonymous_0)","decl":{"start":{"line":13,"column":16},"end":{"line":13,"column":17}},"loc":{"start":{"line":13,"column":34},"end":{"line":33,"column":1}},"line":13},"1":{"name":"(anonymous_1)","decl":{"start":{"line":14,"column":20},"end":{"line":14,"column":21}},"loc":{"start":{"line":14,"column":39},"end":{"line":16,"column":3}},"line":14},"2":{"name":"(anonymous_2)","decl":{"start":{"line":18,"column":16},"end":{"line":18,"column":17}},"loc":{"start":{"line":18,"column":32},"end":{"line":28,"column":1}},"line":18}},"branchMap":{"0":{"loc":{"start":{"line":20,"column":2},"end":{"line":26,"column":3}},"type":"if","locations":[{"start":{"line":20,"column":2},"end":{"line":26,"column":3}},{"start":{"line":20,"column":2},"end":{"line":26,"column":3}}],"line":20},"1":{"loc":{"start":{"line":27,"column":24},"end":{"line":27,"column":55}},"type":"binary-expr","locations":[{"start":{"line":27,"column":24},"end":{"line":27,"column":38}},{"start":{"line":27,"column":42},"end":{"line":27,"column":55}}],"line":27}},"s":{"0":1,"1":1,"2":0,"3":0,"4":0,"5":0,"6":0,"7":0,"8":0,"9":0,"10":0,"11":0,"12":0},"f":{"0":0,"1":0,"2":0},"b":{"0":[0,0],"1":[0,0]},"_coverageSchema":"1a1c01bbd47fc00a2c39e90264f33305004495a9","hash":"d1366dd342235764e6957da0360bf17daa9e02d0"}
,"/Users/Laura/Documents/Epitech/MERN/Epicture/Pictagram/src/assets/styles/Base.js": {"path":"/Users/Laura/Documents/Epitech/MERN/Epicture/Pictagram/src/assets/styles/Base.js","statementMap":{"0":{"start":{"line":5,"column":22},"end":{"line":18,"column":1}},"1":{"start":{"line":6,"column":34},"end":{"line":6,"column":39}},"2":{"start":{"line":7,"column":2},"end":{"line":17,"column":4}},"3":{"start":{"line":20,"column":15},"end":{"line":31,"column":2}}},"fnMap":{"0":{"name":"(anonymous_0)","decl":{"start":{"line":5,"column":22},"end":{"line":5,"column":23}},"loc":{"start":{"line":5,"column":31},"end":{"line":18,"column":1}},"line":5}},"branchMap":{},"s":{"0":7,"1":2,"2":2,"3":7},"f":{"0":2},"b":{},"_coverageSchema":"1a1c01bbd47fc00a2c39e90264f33305004495a9","hash":"e6491a352abb75b9f79830ef0a7e90e375e74c79"}
,"/Users/Laura/Documents/Epitech/MERN/Epicture/Pictagram/src/assets/styles/Styles.js": {"path":"/Users/Laura/Documents/Epitech/MERN/Epicture/Pictagram/src/assets/styles/Styles.js","statementMap":{},"fnMap":{},"branchMap":{},"s":{},"f":{},"b":{},"_coverageSchema":"1a1c01bbd47fc00a2c39e90264f33305004495a9","hash":"478f26435cf8bdc95af65991c1d9f7d6a0053fda"}
,"/Users/Laura/Documents/Epitech/MERN/Epicture/Pictagram/src/components/PicturesFeed.js": {"path":"/Users/Laura/Documents/Epitech/MERN/Epicture/Pictagram/src/components/PicturesFeed.js","statementMap":{"0":{"start":{"line":21,"column":8},"end":{"line":21,"column":20}},"1":{"start":{"line":22,"column":8},"end":{"line":26,"column":9}},"2":{"start":{"line":27,"column":8},"end":{"line":27,"column":59}},"3":{"start":{"line":32,"column":21},"end":{"line":32,"column":23}},"4":{"start":{"line":34,"column":8},"end":{"line":52,"column":10}},"5":{"start":{"line":35,"column":12},"end":{"line":47,"column":14}},"6":{"start":{"line":36,"column":16},"end":{"line":46,"column":17}},"7":{"start":{"line":38,"column":20},"end":{"line":42,"column":21}},"8":{"start":{"line":39,"column":24},"end":{"line":39,"column":96}},"9":{"start":{"line":41,"column":21},"end":{"line":41,"column":71}},"10":{"start":{"line":43,"column":20},"end":{"line":43,"column":47}},"11":{"start":{"line":44,"column":20},"end":{"line":44,"column":37}},"12":{"start":{"line":45,"column":20},"end":{"line":45,"column":37}},"13":{"start":{"line":49,"column":12},"end":{"line":49,"column":44}},"14":{"start":{"line":51,"column":12},"end":{"line":51,"column":38}},"15":{"start":{"line":56,"column":8},"end":{"line":56,"column":33}},"16":{"start":{"line":61,"column":8},"end":{"line":61,"column":50}},"17":{"start":{"line":66,"column":21},"end":{"line":66,"column":23}},"18":{"start":{"line":67,"column":8},"end":{"line":84,"column":7}},"19":{"start":{"line":68,"column":12},"end":{"line":79,"column":11}},"20":{"start":{"line":69,"column":13},"end":{"line":78,"column":14}},"21":{"start":{"line":70,"column":17},"end":{"line":74,"column":18}},"22":{"start":{"line":71,"column":21},"end":{"line":71,"column":93}},"23":{"start":{"line":73,"column":18},"end":{"line":73,"column":68}},"24":{"start":{"line":75,"column":17},"end":{"line":75,"column":44}},"25":{"start":{"line":76,"column":17},"end":{"line":76,"column":34}},"26":{"start":{"line":77,"column":17},"end":{"line":77,"column":34}},"27":{"start":{"line":81,"column":9},"end":{"line":81,"column":41}},"28":{"start":{"line":83,"column":9},"end":{"line":83,"column":35}},"29":{"start":{"line":89,"column":34},"end":{"line":89,"column":44}},"30":{"start":{"line":90,"column":8},"end":{"line":114,"column":10}},"31":{"start":{"line":95,"column":35},"end":{"line":95,"column":62}},"32":{"start":{"line":119,"column":8},"end":{"line":152,"column":9}},"33":{"start":{"line":120,"column":8},"end":{"line":141,"column":9}},"34":{"start":{"line":124,"column":50},"end":{"line":124,"column":74}},"35":{"start":{"line":144,"column":12},"end":{"line":150,"column":13}}},"fnMap":{"0":{"name":"(anonymous_0)","decl":{"start":{"line":20,"column":4},"end":{"line":20,"column":5}},"loc":{"start":{"line":20,"column":22},"end":{"line":29,"column":5}},"line":20},"1":{"name":"(anonymous_1)","decl":{"start":{"line":31,"column":4},"end":{"line":31,"column":5}},"loc":{"start":{"line":31,"column":30},"end":{"line":53,"column":5}},"line":31},"2":{"name":"(anonymous_2)","decl":{"start":{"line":34,"column":44},"end":{"line":34,"column":45}},"loc":{"start":{"line":34,"column":54},"end":{"line":50,"column":9}},"line":34},"3":{"name":"(anonymous_3)","decl":{"start":{"line":35,"column":30},"end":{"line":35,"column":31}},"loc":{"start":{"line":35,"column":47},"end":{"line":47,"column":13}},"line":35},"4":{"name":"(anonymous_4)","decl":{"start":{"line":50,"column":17},"end":{"line":50,"column":18}},"loc":{"start":{"line":50,"column":26},"end":{"line":52,"column":9}},"line":50},"5":{"name":"(anonymous_5)","decl":{"start":{"line":55,"column":4},"end":{"line":55,"column":5}},"loc":{"start":{"line":55,"column":26},"end":{"line":57,"column":5}},"line":55},"6":{"name":"(anonymous_6)","decl":{"start":{"line":60,"column":4},"end":{"line":60,"column":5}},"loc":{"start":{"line":60,"column":26},"end":{"line":63,"column":5}},"line":60},"7":{"name":"(anonymous_7)","decl":{"start":{"line":65,"column":4},"end":{"line":65,"column":5}},"loc":{"start":{"line":65,"column":23},"end":{"line":85,"column":5}},"line":65},"8":{"name":"(anonymous_8)","decl":{"start":{"line":67,"column":39},"end":{"line":67,"column":40}},"loc":{"start":{"line":67,"column":49},"end":{"line":82,"column":6}},"line":67},"9":{"name":"(anonymous_9)","decl":{"start":{"line":68,"column":30},"end":{"line":68,"column":31}},"loc":{"start":{"line":68,"column":47},"end":{"line":79,"column":10}},"line":68},"10":{"name":"(anonymous_10)","decl":{"start":{"line":82,"column":14},"end":{"line":82,"column":15}},"loc":{"start":{"line":82,"column":23},"end":{"line":84,"column":6}},"line":82},"11":{"name":"(anonymous_11)","decl":{"start":{"line":88,"column":4},"end":{"line":88,"column":5}},"loc":{"start":{"line":88,"column":19},"end":{"line":115,"column":5}},"line":88},"12":{"name":"(anonymous_12)","decl":{"start":{"line":95,"column":29},"end":{"line":95,"column":30}},"loc":{"start":{"line":95,"column":35},"end":{"line":95,"column":62}},"line":95},"13":{"name":"(anonymous_13)","decl":{"start":{"line":118,"column":4},"end":{"line":118,"column":5}},"loc":{"start":{"line":118,"column":13},"end":{"line":153,"column":1}},"line":118},"14":{"name":"(anonymous_14)","decl":{"start":{"line":124,"column":39},"end":{"line":124,"column":40}},"loc":{"start":{"line":124,"column":50},"end":{"line":124,"column":74}},"line":124}},"branchMap":{"0":{"loc":{"start":{"line":36,"column":16},"end":{"line":46,"column":17}},"type":"if","locations":[{"start":{"line":36,"column":16},"end":{"line":46,"column":17}},{"start":{"line":36,"column":16},"end":{"line":46,"column":17}}],"line":36},"1":{"loc":{"start":{"line":36,"column":20},"end":{"line":36,"column":123}},"type":"binary-expr","locations":[{"start":{"line":36,"column":20},"end":{"line":36,"column":44}},{"start":{"line":36,"column":49},"end":{"line":36,"column":84}},{"start":{"line":36,"column":88},"end":{"line":36,"column":122}}],"line":36},"2":{"loc":{"start":{"line":38,"column":20},"end":{"line":42,"column":21}},"type":"if","locations":[{"start":{"line":38,"column":20},"end":{"line":42,"column":21}},{"start":{"line":38,"column":20},"end":{"line":42,"column":21}}],"line":38},"3":{"loc":{"start":{"line":69,"column":13},"end":{"line":78,"column":14}},"type":"if","locations":[{"start":{"line":69,"column":13},"end":{"line":78,"column":14}},{"start":{"line":69,"column":13},"end":{"line":78,"column":14}}],"line":69},"4":{"loc":{"start":{"line":69,"column":17},"end":{"line":69,"column":120}},"type":"binary-expr","locations":[{"start":{"line":69,"column":17},"end":{"line":69,"column":41}},{"start":{"line":69,"column":46},"end":{"line":69,"column":81}},{"start":{"line":69,"column":85},"end":{"line":69,"column":119}}],"line":69},"5":{"loc":{"start":{"line":70,"column":17},"end":{"line":74,"column":18}},"type":"if","locations":[{"start":{"line":70,"column":17},"end":{"line":74,"column":18}},{"start":{"line":70,"column":17},"end":{"line":74,"column":18}}],"line":70},"6":{"loc":{"start":{"line":104,"column":55},"end":{"line":104,"column":91}},"type":"binary-expr","locations":[{"start":{"line":104,"column":55},"end":{"line":104,"column":68}},{"start":{"line":104,"column":72},"end":{"line":104,"column":91}}],"line":104},"7":{"loc":{"start":{"line":111,"column":55},"end":{"line":111,"column":97}},"type":"binary-expr","locations":[{"start":{"line":111,"column":55},"end":{"line":111,"column":68}},{"start":{"line":111,"column":72},"end":{"line":111,"column":97}}],"line":111},"8":{"loc":{"start":{"line":119,"column":8},"end":{"line":152,"column":9}},"type":"if","locations":[{"start":{"line":119,"column":8},"end":{"line":152,"column":9}},{"start":{"line":119,"column":8},"end":{"line":152,"column":9}}],"line":119}},"s":{"0":2,"1":2,"2":2,"3":2,"4":2,"5":1,"6":4,"7":3,"8":3,"9":0,"10":3,"11":3,"12":3,"13":1,"14":1,"15":0,"16":0,"17":3,"18":3,"19":2,"20":8,"21":5,"22":4,"23":1,"24":5,"25":5,"26":5,"27":2,"28":1,"29":7,"30":7,"31":0,"32":7,"33":7,"34":0,"35":0},"f":{"0":2,"1":2,"2":1,"3":4,"4":1,"5":0,"6":0,"7":3,"8":2,"9":8,"10":1,"11":7,"12":0,"13":7,"14":0},"b":{"0":[3,1],"1":[4,4,2],"2":[3,0],"3":[5,3],"4":[8,8,4],"5":[4,1],"6":[7,3],"7":[7,3],"8":[7,0]},"_coverageSchema":"1a1c01bbd47fc00a2c39e90264f33305004495a9","hash":"8da0326c692ae1f1f71607370ff9452c113ca4a9"}
,"/Users/Laura/Documents/Epitech/MERN/Epicture/Pictagram/src/components/account/MyAccount.js": {"path":"/Users/Laura/Documents/Epitech/MERN/Epicture/Pictagram/src/components/account/MyAccount.js","statementMap":{"0":{"start":{"line":23,"column":8},"end":{"line":23,"column":20}},"1":{"start":{"line":24,"column":8},"end":{"line":28,"column":9}},"2":{"start":{"line":34,"column":28},"end":{"line":36,"column":10}},"3":{"start":{"line":35,"column":12},"end":{"line":35,"column":86}},"4":{"start":{"line":38,"column":26},"end":{"line":40,"column":10}},"5":{"start":{"line":39,"column":12},"end":{"line":39,"column":54}},"6":{"start":{"line":45,"column":8},"end":{"line":45,"column":51}},"7":{"start":{"line":48,"column":20},"end":{"line":51,"column":7}},"8":{"start":{"line":49,"column":8},"end":{"line":49,"column":35}},"9":{"start":{"line":50,"column":8},"end":{"line":50,"column":47}},"10":{"start":{"line":53,"column":25},"end":{"line":55,"column":5}},"11":{"start":{"line":54,"column":8},"end":{"line":54,"column":52}},"12":{"start":{"line":58,"column":8},"end":{"line":82,"column":9}},"13":{"start":{"line":87,"column":15},"end":{"line":117,"column":2}}},"fnMap":{"0":{"name":"(anonymous_0)","decl":{"start":{"line":22,"column":4},"end":{"line":22,"column":5}},"loc":{"start":{"line":22,"column":22},"end":{"line":29,"column":5}},"line":22},"1":{"name":"(anonymous_1)","decl":{"start":{"line":32,"column":4},"end":{"line":32,"column":5}},"loc":{"start":{"line":32,"column":29},"end":{"line":46,"column":5}},"line":32},"2":{"name":"(anonymous_2)","decl":{"start":{"line":34,"column":54},"end":{"line":34,"column":55}},"loc":{"start":{"line":34,"column":63},"end":{"line":36,"column":9}},"line":34},"3":{"name":"(anonymous_3)","decl":{"start":{"line":38,"column":50},"end":{"line":38,"column":51}},"loc":{"start":{"line":38,"column":60},"end":{"line":40,"column":9}},"line":38},"4":{"name":"(anonymous_4)","decl":{"start":{"line":48,"column":20},"end":{"line":48,"column":21}},"loc":{"start":{"line":48,"column":32},"end":{"line":51,"column":7}},"line":48},"5":{"name":"(anonymous_5)","decl":{"start":{"line":53,"column":25},"end":{"line":53,"column":26}},"loc":{"start":{"line":53,"column":37},"end":{"line":55,"column":5}},"line":53},"6":{"name":"(anonymous_6)","decl":{"start":{"line":57,"column":4},"end":{"line":57,"column":5}},"loc":{"start":{"line":57,"column":13},"end":{"line":83,"column":1}},"line":57}},"branchMap":{},"s":{"0":1,"1":1,"2":1,"3":1,"4":1,"5":1,"6":1,"7":1,"8":0,"9":0,"10":1,"11":0,"12":3,"13":1},"f":{"0":1,"1":1,"2":1,"3":1,"4":0,"5":0,"6":3},"b":{},"_coverageSchema":"1a1c01bbd47fc00a2c39e90264f33305004495a9","hash":"649eb3cb70fe0127d9281b09f83593a657119128"}
,"/Users/Laura/Documents/Epitech/MERN/Epicture/Pictagram/src/components/images/Favorites.js": {"path":"/Users/Laura/Documents/Epitech/MERN/Epicture/Pictagram/src/components/images/Favorites.js","statementMap":{"0":{"start":{"line":22,"column":8},"end":{"line":22,"column":20}},"1":{"start":{"line":23,"column":8},"end":{"line":27,"column":9}},"2":{"start":{"line":28,"column":8},"end":{"line":28,"column":59}},"3":{"start":{"line":29,"column":8},"end":{"line":29,"column":67}},"4":{"start":{"line":34,"column":18},"end":{"line":49,"column":6}},"5":{"start":{"line":37,"column":11},"end":{"line":44,"column":10}},"6":{"start":{"line":38,"column":12},"end":{"line":42,"column":13}},"7":{"start":{"line":39,"column":16},"end":{"line":39,"column":78}},"8":{"start":{"line":41,"column":13},"end":{"line":41,"column":44}},"9":{"start":{"line":43,"column":12},"end":{"line":43,"column":29}},"10":{"start":{"line":46,"column":8},"end":{"line":46,"column":43}},"11":{"start":{"line":48,"column":8},"end":{"line":48,"column":34}},"12":{"start":{"line":54,"column":8},"end":{"line":54,"column":50}},"13":{"start":{"line":59,"column":8},"end":{"line":59,"column":33}},"14":{"start":{"line":63,"column":34},"end":{"line":63,"column":44}},"15":{"start":{"line":64,"column":8},"end":{"line":80,"column":10}},"16":{"start":{"line":69,"column":35},"end":{"line":69,"column":64}},"17":{"start":{"line":85,"column":8},"end":{"line":110,"column":9}},"18":{"start":{"line":86,"column":8},"end":{"line":99,"column":9}},"19":{"start":{"line":102,"column":12},"end":{"line":108,"column":13}}},"fnMap":{"0":{"name":"(anonymous_0)","decl":{"start":{"line":21,"column":4},"end":{"line":21,"column":5}},"loc":{"start":{"line":21,"column":22},"end":{"line":30,"column":5}},"line":21},"1":{"name":"(anonymous_1)","decl":{"start":{"line":32,"column":4},"end":{"line":32,"column":5}},"loc":{"start":{"line":32,"column":23},"end":{"line":50,"column":5}},"line":32},"2":{"name":"(anonymous_2)","decl":{"start":{"line":34,"column":43},"end":{"line":34,"column":44}},"loc":{"start":{"line":34,"column":53},"end":{"line":47,"column":5}},"line":34},"3":{"name":"(anonymous_3)","decl":{"start":{"line":37,"column":29},"end":{"line":37,"column":30}},"loc":{"start":{"line":37,"column":46},"end":{"line":44,"column":9}},"line":37},"4":{"name":"(anonymous_4)","decl":{"start":{"line":47,"column":13},"end":{"line":47,"column":14}},"loc":{"start":{"line":47,"column":22},"end":{"line":49,"column":5}},"line":47},"5":{"name":"(anonymous_5)","decl":{"start":{"line":53,"column":4},"end":{"line":53,"column":5}},"loc":{"start":{"line":53,"column":28},"end":{"line":56,"column":5}},"line":53},"6":{"name":"(anonymous_6)","decl":{"start":{"line":58,"column":4},"end":{"line":58,"column":5}},"loc":{"start":{"line":58,"column":26},"end":{"line":60,"column":5}},"line":58},"7":{"name":"(anonymous_7)","decl":{"start":{"line":62,"column":4},"end":{"line":62,"column":5}},"loc":{"start":{"line":62,"column":19},"end":{"line":81,"column":5}},"line":62},"8":{"name":"(anonymous_8)","decl":{"start":{"line":69,"column":29},"end":{"line":69,"column":30}},"loc":{"start":{"line":69,"column":35},"end":{"line":69,"column":64}},"line":69},"9":{"name":"(anonymous_9)","decl":{"start":{"line":84,"column":4},"end":{"line":84,"column":5}},"loc":{"start":{"line":84,"column":13},"end":{"line":111,"column":1}},"line":84}},"branchMap":{"0":{"loc":{"start":{"line":38,"column":12},"end":{"line":42,"column":13}},"type":"if","locations":[{"start":{"line":38,"column":12},"end":{"line":42,"column":13}},{"start":{"line":38,"column":12},"end":{"line":42,"column":13}}],"line":38},"1":{"loc":{"start":{"line":77,"column":55},"end":{"line":77,"column":91}},"type":"binary-expr","locations":[{"start":{"line":77,"column":55},"end":{"line":77,"column":68}},{"start":{"line":77,"column":72},"end":{"line":77,"column":91}}],"line":77},"2":{"loc":{"start":{"line":85,"column":8},"end":{"line":110,"column":9}},"type":"if","locations":[{"start":{"line":85,"column":8},"end":{"line":110,"column":9}},{"start":{"line":85,"column":8},"end":{"line":110,"column":9}}],"line":85}},"s":{"0":1,"1":1,"2":1,"3":1,"4":1,"5":1,"6":7,"7":1,"8":6,"9":7,"10":1,"11":0,"12":0,"13":0,"14":2,"15":2,"16":0,"17":2,"18":2,"19":0},"f":{"0":1,"1":1,"2":1,"3":7,"4":0,"5":0,"6":0,"7":2,"8":0,"9":2},"b":{"0":[1,6],"1":[2,1],"2":[2,0]},"_coverageSchema":"1a1c01bbd47fc00a2c39e90264f33305004495a9","hash":"2d23c8942fe9536598abc30d15592c08dc24d2d0"}
,"/Users/Laura/Documents/Epitech/MERN/Epicture/Pictagram/src/components/images/ImageUploader.js": {"path":"/Users/Laura/Documents/Epitech/MERN/Epicture/Pictagram/src/components/images/ImageUploader.js","statementMap":{"0":{"start":{"line":26,"column":4},"end":{"line":26,"column":16}},"1":{"start":{"line":28,"column":4},"end":{"line":30,"column":5}},"2":{"start":{"line":32,"column":4},"end":{"line":32,"column":49}},"3":{"start":{"line":37,"column":20},"end":{"line":43,"column":5}},"4":{"start":{"line":45,"column":4},"end":{"line":60,"column":7}},"5":{"start":{"line":47,"column":6},"end":{"line":59,"column":7}},"6":{"start":{"line":48,"column":8},"end":{"line":48,"column":51}},"7":{"start":{"line":49,"column":13},"end":{"line":59,"column":7}},"8":{"start":{"line":50,"column":8},"end":{"line":50,"column":59}},"9":{"start":{"line":51,"column":13},"end":{"line":59,"column":7}},"10":{"start":{"line":52,"column":8},"end":{"line":52,"column":74}},"11":{"start":{"line":56,"column":8},"end":{"line":58,"column":10}},"12":{"start":{"line":57,"column":10},"end":{"line":57,"column":61}},"13":{"start":{"line":63,"column":31},"end":{"line":65,"column":5}},"14":{"start":{"line":68,"column":6},"end":{"line":89,"column":7}},"15":{"start":{"line":69,"column":6},"end":{"line":77,"column":8}},"16":{"start":{"line":80,"column":8},"end":{"line":88,"column":10}},"17":{"start":{"line":93,"column":15},"end":{"line":104,"column":2}}},"fnMap":{"0":{"name":"(anonymous_0)","decl":{"start":{"line":25,"column":2},"end":{"line":25,"column":3}},"loc":{"start":{"line":25,"column":20},"end":{"line":34,"column":3}},"line":25},"1":{"name":"(anonymous_1)","decl":{"start":{"line":36,"column":2},"end":{"line":36,"column":3}},"loc":{"start":{"line":36,"column":14},"end":{"line":61,"column":3}},"line":36},"2":{"name":"(anonymous_2)","decl":{"start":{"line":45,"column":41},"end":{"line":45,"column":42}},"loc":{"start":{"line":45,"column":55},"end":{"line":60,"column":5}},"line":45},"3":{"name":"(anonymous_3)","decl":{"start":{"line":56,"column":38},"end":{"line":56,"column":39}},"loc":{"start":{"line":56,"column":48},"end":{"line":58,"column":9}},"line":56},"4":{"name":"(anonymous_4)","decl":{"start":{"line":67,"column":4},"end":{"line":67,"column":5}},"loc":{"start":{"line":67,"column":13},"end":{"line":90,"column":5}},"line":67}},"branchMap":{"0":{"loc":{"start":{"line":47,"column":6},"end":{"line":59,"column":7}},"type":"if","locations":[{"start":{"line":47,"column":6},"end":{"line":59,"column":7}},{"start":{"line":47,"column":6},"end":{"line":59,"column":7}}],"line":47},"1":{"loc":{"start":{"line":49,"column":13},"end":{"line":59,"column":7}},"type":"if","locations":[{"start":{"line":49,"column":13},"end":{"line":59,"column":7}},{"start":{"line":49,"column":13},"end":{"line":59,"column":7}}],"line":49},"2":{"loc":{"start":{"line":51,"column":13},"end":{"line":59,"column":7}},"type":"if","locations":[{"start":{"line":51,"column":13},"end":{"line":59,"column":7}},{"start":{"line":51,"column":13},"end":{"line":59,"column":7}}],"line":51},"3":{"loc":{"start":{"line":68,"column":6},"end":{"line":89,"column":7}},"type":"if","locations":[{"start":{"line":68,"column":6},"end":{"line":89,"column":7}},{"start":{"line":68,"column":6},"end":{"line":89,"column":7}}],"line":68}},"s":{"0":1,"1":1,"2":1,"3":1,"4":1,"5":0,"6":0,"7":0,"8":0,"9":0,"10":0,"11":0,"12":0,"13":1,"14":1,"15":0,"16":1,"17":1},"f":{"0":1,"1":1,"2":0,"3":0,"4":1},"b":{"0":[0,0],"1":[0,0],"2":[0,0],"3":[0,1]},"_coverageSchema":"1a1c01bbd47fc00a2c39e90264f33305004495a9","hash":"a20f54f6786a47b0a24df40283efb46fd60c49db"}
,"/Users/Laura/Documents/Epitech/MERN/Epicture/Pictagram/src/components/images/MyGallery.js": {"path":"/Users/Laura/Documents/Epitech/MERN/Epicture/Pictagram/src/components/images/MyGallery.js","statementMap":{"0":{"start":{"line":21,"column":8},"end":{"line":21,"column":20}},"1":{"start":{"line":22,"column":8},"end":{"line":26,"column":9}},"2":{"start":{"line":27,"column":8},"end":{"line":27,"column":59}},"3":{"start":{"line":34,"column":18},"end":{"line":45,"column":6}},"4":{"start":{"line":37,"column":11},"end":{"line":40,"column":13}},"5":{"start":{"line":38,"column":15},"end":{"line":38,"column":46}},"6":{"start":{"line":39,"column":15},"end":{"line":39,"column":32}},"7":{"start":{"line":42,"column":8},"end":{"line":42,"column":43}},"8":{"start":{"line":44,"column":8},"end":{"line":44,"column":34}},"9":{"start":{"line":49,"column":8},"end":{"line":49,"column":33}},"10":{"start":{"line":54,"column":21},"end":{"line":54,"column":38}},"11":{"start":{"line":55,"column":23},"end":{"line":55,"column":47}},"12":{"start":{"line":56,"column":8},"end":{"line":56,"column":29}},"13":{"start":{"line":61,"column":34},"end":{"line":61,"column":44}},"14":{"start":{"line":62,"column":8},"end":{"line":86,"column":10}},"15":{"start":{"line":81,"column":35},"end":{"line":81,"column":60}},"16":{"start":{"line":91,"column":8},"end":{"line":115,"column":9}},"17":{"start":{"line":92,"column":8},"end":{"line":104,"column":9}},"18":{"start":{"line":107,"column":12},"end":{"line":113,"column":13}}},"fnMap":{"0":{"name":"(anonymous_0)","decl":{"start":{"line":20,"column":4},"end":{"line":20,"column":5}},"loc":{"start":{"line":20,"column":22},"end":{"line":29,"column":5}},"line":20},"1":{"name":"(anonymous_1)","decl":{"start":{"line":32,"column":4},"end":{"line":32,"column":5}},"loc":{"start":{"line":32,"column":23},"end":{"line":46,"column":5}},"line":32},"2":{"name":"(anonymous_2)","decl":{"start":{"line":34,"column":42},"end":{"line":34,"column":43}},"loc":{"start":{"line":34,"column":52},"end":{"line":43,"column":5}},"line":34},"3":{"name":"(anonymous_3)","decl":{"start":{"line":37,"column":29},"end":{"line":37,"column":30}},"loc":{"start":{"line":37,"column":46},"end":{"line":40,"column":12}},"line":37},"4":{"name":"(anonymous_4)","decl":{"start":{"line":43,"column":13},"end":{"line":43,"column":14}},"loc":{"start":{"line":43,"column":22},"end":{"line":45,"column":5}},"line":43},"5":{"name":"(anonymous_5)","decl":{"start":{"line":48,"column":4},"end":{"line":48,"column":5}},"loc":{"start":{"line":48,"column":26},"end":{"line":50,"column":5}},"line":48},"6":{"name":"(anonymous_6)","decl":{"start":{"line":53,"column":4},"end":{"line":53,"column":5}},"loc":{"start":{"line":53,"column":24},"end":{"line":57,"column":5}},"line":53},"7":{"name":"(anonymous_7)","decl":{"start":{"line":60,"column":4},"end":{"line":60,"column":5}},"loc":{"start":{"line":60,"column":19},"end":{"line":87,"column":5}},"line":60},"8":{"name":"(anonymous_8)","decl":{"start":{"line":81,"column":29},"end":{"line":81,"column":30}},"loc":{"start":{"line":81,"column":35},"end":{"line":81,"column":60}},"line":81},"9":{"name":"(anonymous_9)","decl":{"start":{"line":90,"column":4},"end":{"line":90,"column":5}},"loc":{"start":{"line":90,"column":13},"end":{"line":116,"column":1}},"line":90}},"branchMap":{"0":{"loc":{"start":{"line":70,"column":55},"end":{"line":70,"column":91}},"type":"binary-expr","locations":[{"start":{"line":70,"column":55},"end":{"line":70,"column":68}},{"start":{"line":70,"column":72},"end":{"line":70,"column":91}}],"line":70},"1":{"loc":{"start":{"line":76,"column":55},"end":{"line":76,"column":97}},"type":"binary-expr","locations":[{"start":{"line":76,"column":55},"end":{"line":76,"column":68}},{"start":{"line":76,"column":72},"end":{"line":76,"column":97}}],"line":76},"2":{"loc":{"start":{"line":91,"column":8},"end":{"line":115,"column":9}},"type":"if","locations":[{"start":{"line":91,"column":8},"end":{"line":115,"column":9}},{"start":{"line":91,"column":8},"end":{"line":115,"column":9}}],"line":91}},"s":{"0":1,"1":1,"2":1,"3":1,"4":1,"5":2,"6":2,"7":1,"8":0,"9":0,"10":0,"11":0,"12":0,"13":2,"14":2,"15":0,"16":2,"17":2,"18":0},"f":{"0":1,"1":1,"2":1,"3":2,"4":0,"5":0,"6":0,"7":2,"8":0,"9":2},"b":{"0":[2,1],"1":[2,1],"2":[2,0]},"_coverageSchema":"1a1c01bbd47fc00a2c39e90264f33305004495a9","hash":"4cca14df96ec903b5e42fb5906d993145f7231fe"}
,"/Users/Laura/Documents/Epitech/MERN/Epicture/Pictagram/src/components/search/Search.js": {"path":"/Users/Laura/Documents/Epitech/MERN/Epicture/Pictagram/src/components/search/Search.js","statementMap":{"0":{"start":{"line":21,"column":4},"end":{"line":21,"column":16}},"1":{"start":{"line":22,"column":4},"end":{"line":26,"column":5}},"2":{"start":{"line":27,"column":4},"end":{"line":27,"column":55}},"3":{"start":{"line":28,"column":4},"end":{"line":28,"column":50}},"4":{"start":{"line":29,"column":4},"end":{"line":29,"column":59}},"5":{"start":{"line":30,"column":4},"end":{"line":30,"column":63}},"6":{"start":{"line":36,"column":4},"end":{"line":51,"column":7}},"7":{"start":{"line":37,"column":17},"end":{"line":37,"column":19}},"8":{"start":{"line":39,"column":6},"end":{"line":46,"column":8}},"9":{"start":{"line":40,"column":8},"end":{"line":45,"column":9}},"10":{"start":{"line":42,"column":10},"end":{"line":42,"column":41}},"11":{"start":{"line":43,"column":10},"end":{"line":43,"column":27}},"12":{"start":{"line":44,"column":10},"end":{"line":44,"column":25}},"13":{"start":{"line":47,"column":6},"end":{"line":47,"column":36}},"14":{"start":{"line":50,"column":6},"end":{"line":50,"column":27}},"15":{"start":{"line":55,"column":6},"end":{"line":55,"column":31}},"16":{"start":{"line":60,"column":8},"end":{"line":60,"column":50}},"17":{"start":{"line":65,"column":6},"end":{"line":65,"column":48}},"18":{"start":{"line":70,"column":30},"end":{"line":70,"column":40}},"19":{"start":{"line":71,"column":4},"end":{"line":105,"column":3}},"20":{"start":{"line":72,"column":4},"end":{"line":99,"column":6}},"21":{"start":{"line":78,"column":35},"end":{"line":78,"column":64}},"22":{"start":{"line":86,"column":35},"end":{"line":86,"column":62}},"23":{"start":{"line":101,"column":4},"end":{"line":104,"column":5}},"24":{"start":{"line":109,"column":6},"end":{"line":142,"column":7}},"25":{"start":{"line":110,"column":6},"end":{"line":128,"column":7}},"26":{"start":{"line":114,"column":34},"end":{"line":114,"column":62}},"27":{"start":{"line":131,"column":10},"end":{"line":141,"column":11}},"28":{"start":{"line":135,"column":42},"end":{"line":135,"column":70}}},"fnMap":{"0":{"name":"(anonymous_0)","decl":{"start":{"line":20,"column":2},"end":{"line":20,"column":3}},"loc":{"start":{"line":20,"column":20},"end":{"line":31,"column":3}},"line":20},"1":{"name":"(anonymous_1)","decl":{"start":{"line":35,"column":2},"end":{"line":35,"column":3}},"loc":{"start":{"line":35,"column":21},"end":{"line":52,"column":3}},"line":35},"2":{"name":"(anonymous_2)","decl":{"start":{"line":36,"column":51},"end":{"line":36,"column":52}},"loc":{"start":{"line":36,"column":59},"end":{"line":49,"column":5}},"line":36},"3":{"name":"(anonymous_3)","decl":{"start":{"line":39,"column":24},"end":{"line":39,"column":25}},"loc":{"start":{"line":39,"column":41},"end":{"line":46,"column":7}},"line":39},"4":{"name":"(anonymous_4)","decl":{"start":{"line":49,"column":13},"end":{"line":49,"column":14}},"loc":{"start":{"line":49,"column":22},"end":{"line":51,"column":5}},"line":49},"5":{"name":"(anonymous_5)","decl":{"start":{"line":54,"column":4},"end":{"line":54,"column":5}},"loc":{"start":{"line":54,"column":26},"end":{"line":56,"column":3}},"line":54},"6":{"name":"(anonymous_6)","decl":{"start":{"line":59,"column":4},"end":{"line":59,"column":5}},"loc":{"start":{"line":59,"column":26},"end":{"line":62,"column":5}},"line":59},"7":{"name":"(anonymous_7)","decl":{"start":{"line":64,"column":4},"end":{"line":64,"column":5}},"loc":{"start":{"line":64,"column":28},"end":{"line":67,"column":3}},"line":64},"8":{"name":"(anonymous_8)","decl":{"start":{"line":69,"column":2},"end":{"line":69,"column":3}},"loc":{"start":{"line":69,"column":17},"end":{"line":106,"column":1}},"line":69},"9":{"name":"(anonymous_9)","decl":{"start":{"line":78,"column":29},"end":{"line":78,"column":30}},"loc":{"start":{"line":78,"column":35},"end":{"line":78,"column":64}},"line":78},"10":{"name":"(anonymous_10)","decl":{"start":{"line":86,"column":29},"end":{"line":86,"column":30}},"loc":{"start":{"line":86,"column":35},"end":{"line":86,"column":62}},"line":86},"11":{"name":"(anonymous_11)","decl":{"start":{"line":108,"column":4},"end":{"line":108,"column":5}},"loc":{"start":{"line":108,"column":13},"end":{"line":143,"column":1}},"line":108},"12":{"name":"(anonymous_12)","decl":{"start":{"line":114,"column":24},"end":{"line":114,"column":25}},"loc":{"start":{"line":114,"column":34},"end":{"line":114,"column":62}},"line":114},"13":{"name":"(anonymous_13)","decl":{"start":{"line":135,"column":32},"end":{"line":135,"column":33}},"loc":{"start":{"line":135,"column":42},"end":{"line":135,"column":70}},"line":135}},"branchMap":{"0":{"loc":{"start":{"line":40,"column":8},"end":{"line":45,"column":9}},"type":"if","locations":[{"start":{"line":40,"column":8},"end":{"line":45,"column":9}},{"start":{"line":40,"column":8},"end":{"line":45,"column":9}}],"line":40},"1":{"loc":{"start":{"line":40,"column":12},"end":{"line":40,"column":65}},"type":"binary-expr","locations":[{"start":{"line":40,"column":12},"end":{"line":40,"column":37}},{"start":{"line":40,"column":41},"end":{"line":40,"column":65}}],"line":40},"2":{"loc":{"start":{"line":71,"column":4},"end":{"line":105,"column":3}},"type":"if","locations":[{"start":{"line":71,"column":4},"end":{"line":105,"column":3}},{"start":{"line":71,"column":4},"end":{"line":105,"column":3}}],"line":71},"3":{"loc":{"start":{"line":74,"column":17},"end":{"line":89,"column":30}},"type":"cond-expr","locations":[{"start":{"line":75,"column":16},"end":{"line":81,"column":32}},{"start":{"line":83,"column":16},"end":{"line":89,"column":30}}],"line":74},"4":{"loc":{"start":{"line":74,"column":18},"end":{"line":74,"column":65}},"type":"binary-expr","locations":[{"start":{"line":74,"column":18},"end":{"line":74,"column":31}},{"start":{"line":74,"column":35},"end":{"line":74,"column":65}}],"line":74},"5":{"loc":{"start":{"line":96,"column":51},"end":{"line":96,"column":87}},"type":"binary-expr","locations":[{"start":{"line":96,"column":51},"end":{"line":96,"column":64}},{"start":{"line":96,"column":68},"end":{"line":96,"column":87}}],"line":96},"6":{"loc":{"start":{"line":109,"column":6},"end":{"line":142,"column":7}},"type":"if","locations":[{"start":{"line":109,"column":6},"end":{"line":142,"column":7}},{"start":{"line":109,"column":6},"end":{"line":142,"column":7}}],"line":109}},"s":{"0":1,"1":1,"2":1,"3":1,"4":1,"5":1,"6":1,"7":1,"8":1,"9":2,"10":1,"11":1,"12":1,"13":1,"14":0,"15":0,"16":0,"17":0,"18":2,"19":2,"20":1,"21":0,"22":0,"23":1,"24":2,"25":2,"26":0,"27":0,"28":0},"f":{"0":1,"1":1,"2":1,"3":2,"4":0,"5":0,"6":0,"7":0,"8":2,"9":0,"10":0,"11":2,"12":0,"13":0},"b":{"0":[1,1],"1":[2,1],"2":[1,1],"3":[0,1],"4":[1,1],"5":[1,1],"6":[2,0]},"_coverageSchema":"1a1c01bbd47fc00a2c39e90264f33305004495a9","hash":"de644c5ea8e10c6b4c1f10928ed942110f30b2cc"}
}
