TN:
SF:src/api/Image.js
FN:11,(anonymous_0)
FN:23,(anonymous_1)
FN:25,(anonymous_2)
FN:31,(anonymous_3)
FN:43,(anonymous_4)
FN:54,(anonymous_5)
FN:66,(anonymous_6)
FN:79,(anonymous_7)
FN:91,(anonymous_8)
FNF:9
FNH:0
FNDA:0,(anonymous_0)
FNDA:0,(anonymous_1)
FNDA:0,(anonymous_2)
FNDA:0,(anonymous_3)
FNDA:0,(anonymous_4)
FNDA:0,(anonymous_5)
FNDA:0,(anonymous_6)
FNDA:0,(anonymous_7)
FNDA:0,(anonymous_8)
DA:11,1
DA:12,0
DA:13,0
DA:24,0
DA:26,0
DA:31,1
DA:32,0
DA:33,0
DA:43,1
DA:44,0
DA:45,0
DA:54,1
DA:55,0
DA:56,0
DA:66,1
DA:67,0
DA:68,0
DA:69,0
DA:79,1
DA:80,0
DA:81,0
DA:91,1
DA:92,0
DA:93,0
LF:24
LH:7
BRF:0
BRH:0
end_of_record
TN:
SF:src/api/Wrapper.js
FN:13,(anonymous_0)
FN:14,(anonymous_1)
FN:18,(anonymous_2)
FNF:3
FNH:0
FNDA:0,(anonymous_0)
FNDA:0,(anonymous_1)
FNDA:0,(anonymous_2)
DA:8,1
DA:13,1
DA:14,0
DA:15,0
DA:18,0
DA:19,0
DA:20,0
DA:21,0
DA:22,0
DA:23,0
DA:25,0
DA:27,0
DA:30,0
LF:13
LH:2
BRDA:20,0,0,0
BRDA:20,0,1,0
BRDA:27,1,0,0
BRDA:27,1,1,0
BRF:4
BRH:0
end_of_record
TN:
SF:src/assets/styles/Base.js
FN:5,(anonymous_0)
FNF:1
FNH:1
FNDA:2,(anonymous_0)
DA:5,7
DA:6,2
DA:7,2
DA:20,7
LF:4
LH:4
BRF:0
BRH:0
end_of_record
TN:
SF:src/assets/styles/Styles.js
FNF:0
FNH:0
LF:0
LH:0
BRF:0
BRH:0
end_of_record
TN:
SF:src/components/PicturesFeed.js
FN:20,(anonymous_0)
FN:31,(anonymous_1)
FN:34,(anonymous_2)
FN:35,(anonymous_3)
FN:50,(anonymous_4)
FN:55,(anonymous_5)
FN:60,(anonymous_6)
FN:65,(anonymous_7)
FN:67,(anonymous_8)
FN:68,(anonymous_9)
FN:82,(anonymous_10)
FN:88,(anonymous_11)
FN:95,(anonymous_12)
FN:118,(anonymous_13)
FN:124,(anonymous_14)
FNF:15
FNH:11
FNDA:2,(anonymous_0)
FNDA:2,(anonymous_1)
FNDA:1,(anonymous_2)
FNDA:4,(anonymous_3)
FNDA:1,(anonymous_4)
FNDA:0,(anonymous_5)
FNDA:0,(anonymous_6)
FNDA:3,(anonymous_7)
FNDA:2,(anonymous_8)
FNDA:8,(anonymous_9)
FNDA:1,(anonymous_10)
FNDA:7,(anonymous_11)
FNDA:0,(anonymous_12)
FNDA:7,(anonymous_13)
FNDA:0,(anonymous_14)
DA:21,2
DA:22,2
DA:27,2
DA:32,2
DA:34,2
DA:35,1
DA:36,4
DA:38,3
DA:39,3
DA:41,0
DA:43,3
DA:44,3
DA:45,3
DA:49,1
DA:51,1
DA:56,0
DA:61,0
DA:66,3
DA:67,3
DA:68,2
DA:69,8
DA:70,5
DA:71,4
DA:73,1
DA:75,5
DA:76,5
DA:77,5
DA:81,2
DA:83,1
DA:89,7
DA:90,7
DA:95,0
DA:119,7
DA:120,7
DA:124,0
DA:144,0
LF:36
LH:30
BRDA:36,0,0,3
BRDA:36,0,1,1
BRDA:36,1,0,4
BRDA:36,1,1,4
BRDA:36,1,2,2
BRDA:38,2,0,3
BRDA:38,2,1,0
BRDA:69,3,0,5
BRDA:69,3,1,3
BRDA:69,4,0,8
BRDA:69,4,1,8
BRDA:69,4,2,4
BRDA:70,5,0,4
BRDA:70,5,1,1
BRDA:104,6,0,7
BRDA:104,6,1,3
BRDA:111,7,0,7
BRDA:111,7,1,3
BRDA:119,8,0,7
BRDA:119,8,1,0
BRF:20
BRH:18
end_of_record
TN:
SF:src/components/account/MyAccount.js
FN:22,(anonymous_0)
FN:32,(anonymous_1)
FN:34,(anonymous_2)
FN:38,(anonymous_3)
FN:48,(anonymous_4)
FN:53,(anonymous_5)
FN:57,(anonymous_6)
FNF:7
FNH:5
FNDA:1,(anonymous_0)
FNDA:1,(anonymous_1)
FNDA:1,(anonymous_2)
FNDA:1,(anonymous_3)
FNDA:0,(anonymous_4)
FNDA:0,(anonymous_5)
FNDA:3,(anonymous_6)
DA:23,1
DA:24,1
DA:34,1
DA:35,1
DA:38,1
DA:39,1
DA:45,1
DA:48,1
DA:49,0
DA:50,0
DA:53,1
DA:54,0
DA:58,3
DA:87,1
LF:14
LH:11
BRF:0
BRH:0
end_of_record
TN:
SF:src/components/images/Favorites.js
FN:21,(anonymous_0)
FN:32,(anonymous_1)
FN:34,(anonymous_2)
FN:37,(anonymous_3)
FN:47,(anonymous_4)
FN:53,(anonymous_5)
FN:58,(anonymous_6)
FN:62,(anonymous_7)
FN:69,(anonymous_8)
FN:84,(anonymous_9)
FNF:10
FNH:6
FNDA:1,(anonymous_0)
FNDA:1,(anonymous_1)
FNDA:1,(anonymous_2)
FNDA:7,(anonymous_3)
FNDA:0,(anonymous_4)
FNDA:0,(anonymous_5)
FNDA:0,(anonymous_6)
FNDA:2,(anonymous_7)
FNDA:0,(anonymous_8)
FNDA:2,(anonymous_9)
DA:22,1
DA:23,1
DA:28,1
DA:29,1
DA:34,1
DA:37,1
DA:38,7
DA:39,1
DA:41,6
DA:43,7
DA:46,1
DA:48,0
DA:54,0
DA:59,0
DA:63,2
DA:64,2
DA:69,0
DA:85,2
DA:86,2
DA:102,0
LF:20
LH:15
BRDA:38,0,0,1
BRDA:38,0,1,6
BRDA:77,1,0,2
BRDA:77,1,1,1
BRDA:85,2,0,2
BRDA:85,2,1,0
BRF:6
BRH:5
end_of_record
TN:
SF:src/components/images/ImageUploader.js
FN:25,(anonymous_0)
FN:36,(anonymous_1)
FN:45,(anonymous_2)
FN:56,(anonymous_3)
FN:67,(anonymous_4)
FNF:5
FNH:3
FNDA:1,(anonymous_0)
FNDA:1,(anonymous_1)
FNDA:0,(anonymous_2)
FNDA:0,(anonymous_3)
FNDA:1,(anonymous_4)
DA:26,1
DA:28,1
DA:32,1
DA:37,1
DA:45,1
DA:47,0
DA:48,0
DA:49,0
DA:50,0
DA:51,0
DA:52,0
DA:56,0
DA:57,0
DA:63,1
DA:68,1
DA:69,0
DA:80,1
DA:93,1
LF:18
LH:9
BRDA:47,0,0,0
BRDA:47,0,1,0
BRDA:49,1,0,0
BRDA:49,1,1,0
BRDA:51,2,0,0
BRDA:51,2,1,0
BRDA:68,3,0,0
BRDA:68,3,1,1
BRF:8
BRH:1
end_of_record
TN:
SF:src/components/images/MyGallery.js
FN:20,(anonymous_0)
FN:32,(anonymous_1)
FN:34,(anonymous_2)
FN:37,(anonymous_3)
FN:43,(anonymous_4)
FN:48,(anonymous_5)
FN:53,(anonymous_6)
FN:60,(anonymous_7)
FN:81,(anonymous_8)
FN:90,(anonymous_9)
FNF:10
FNH:6
FNDA:1,(anonymous_0)
FNDA:1,(anonymous_1)
FNDA:1,(anonymous_2)
FNDA:2,(anonymous_3)
FNDA:0,(anonymous_4)
FNDA:0,(anonymous_5)
FNDA:0,(anonymous_6)
FNDA:2,(anonymous_7)
FNDA:0,(anonymous_8)
FNDA:2,(anonymous_9)
DA:21,1
DA:22,1
DA:27,1
DA:34,1
DA:37,1
DA:38,2
DA:39,2
DA:42,1
DA:44,0
DA:49,0
DA:54,0
DA:55,0
DA:56,0
DA:61,2
DA:62,2
DA:81,0
DA:91,2
DA:92,2
DA:107,0
LF:19
LH:12
BRDA:70,0,0,2
BRDA:70,0,1,1
BRDA:76,1,0,2
BRDA:76,1,1,1
BRDA:91,2,0,2
BRDA:91,2,1,0
BRF:6
BRH:5
end_of_record
TN:
SF:src/components/search/Search.js
FN:20,(anonymous_0)
FN:35,(anonymous_1)
FN:36,(anonymous_2)
FN:39,(anonymous_3)
FN:49,(anonymous_4)
FN:54,(anonymous_5)
FN:59,(anonymous_6)
FN:64,(anonymous_7)
FN:69,(anonymous_8)
FN:78,(anonymous_9)
FN:86,(anonymous_10)
FN:108,(anonymous_11)
FN:114,(anonymous_12)
FN:135,(anonymous_13)
FNF:14
FNH:6
FNDA:1,(anonymous_0)
FNDA:1,(anonymous_1)
FNDA:1,(anonymous_2)
FNDA:2,(anonymous_3)
FNDA:0,(anonymous_4)
FNDA:0,(anonymous_5)
FNDA:0,(anonymous_6)
FNDA:0,(anonymous_7)
FNDA:2,(anonymous_8)
FNDA:0,(anonymous_9)
FNDA:0,(anonymous_10)
FNDA:2,(anonymous_11)
FNDA:0,(anonymous_12)
FNDA:0,(anonymous_13)
DA:21,1
DA:22,1
DA:27,1
DA:28,1
DA:29,1
DA:30,1
DA:36,1
DA:37,1
DA:39,1
DA:40,2
DA:42,1
DA:43,1
DA:44,1
DA:47,1
DA:50,0
DA:55,0
DA:60,0
DA:65,0
DA:70,2
DA:71,2
DA:72,1
DA:78,0
DA:86,0
DA:101,1
DA:109,2
DA:110,2
DA:114,0
DA:131,0
DA:135,0
LF:29
LH:20
BRDA:40,0,0,1
BRDA:40,0,1,1
BRDA:40,1,0,2
BRDA:40,1,1,1
BRDA:71,2,0,1
BRDA:71,2,1,1
BRDA:74,3,0,0
BRDA:74,3,1,1
BRDA:74,4,0,1
BRDA:74,4,1,1
BRDA:96,5,0,1
BRDA:96,5,1,1
BRDA:109,6,0,2
BRDA:109,6,1,0
BRF:14
BRH:12
end_of_record
